proguard/seeds.txt
com.anmipo.android.trentobus.BusApplication
com.anmipo.android.trentobus.BusApplication: BusApplication()
com.anmipo.android.trentobus.activities.AboutActivity
com.anmipo.android.trentobus.activities.AboutActivity: AboutActivity()
com.anmipo.android.trentobus.activities.BusChoiceActivity
com.anmipo.android.trentobus.activities.BusChoiceActivity: BusChoiceActivity()
com.anmipo.android.trentobus.activities.ViewBusInfoActivity
com.anmipo.android.trentobus.activities.ViewBusInfoActivity: ViewBusInfoActivity()
com.anmipo.android.trentobus.activities.ViewScheduleActivity
com.anmipo.android.trentobus.activities.ViewScheduleActivity: ViewScheduleActivity()
com.anmipo.android.trentobus.db.ScheduleType: com.anmipo.android.trentobus.db.ScheduleType[] values()
com.anmipo.android.trentobus.db.ScheduleType: com.anmipo.android.trentobus.db.ScheduleType valueOf(java.lang.String)
com.anmipo.android.trentobus.view.ScheduleView
com.anmipo.android.trentobus.view.ScheduleView: ScheduleView(android.content.Context,android.util.AttributeSet)
com.anmipo.android.trentobus.view.TimetableView
com.anmipo.android.trentobus.view.TimetableView: TimetableView(android.content.Context,android.util.AttributeSet)