proguard/mapping.txt
com.anmipo.android.trentobus.BusApplication -> com.anmipo.android.trentobus.BusApplication:
    com.anmipo.android.trentobus.db.ScheduleManager scheduleManager -> a
    android.content.res.Resources resources -> b
    void onCreate() -> onCreate
com.anmipo.android.trentobus.activities.AboutActivity -> com.anmipo.android.trentobus.activities.AboutActivity:
    android.widget.Button updateButton -> a
    android.widget.Button rateButton -> b
    android.widget.TextView validityText -> c
    android.widget.TextView versionText -> d
    void onCreate(android.os.Bundle) -> onCreate
    void onClick(android.view.View) -> onClick
    void openAppMarket() -> a
com.anmipo.android.trentobus.activities.BusChoiceActivity -> com.anmipo.android.trentobus.activities.BusChoiceActivity:
    android.widget.GridView busGrid -> a
    android.widget.TextView validityStatusView -> b
    void onCreate(android.os.Bundle) -> onCreate
    void onResume() -> onResume
    void onPause() -> onPause
    void onItemClick(android.widget.AdapterView,android.view.View,int,long) -> onItemClick
    boolean onCreateOptionsMenu(android.view.Menu) -> onCreateOptionsMenu
    boolean onOptionsItemSelected(android.view.MenuItem) -> onOptionsItemSelected
com.anmipo.android.trentobus.activities.BusChoiceActivity$1 -> com.anmipo.android.trentobus.activities.a:
    com.anmipo.android.trentobus.activities.BusChoiceActivity this$0 -> a
    void onEulaAccepted(boolean) -> a
com.anmipo.android.trentobus.activities.BusGridAdapter -> com.anmipo.android.trentobus.activities.b:
    java.util.List buses -> a
    android.content.Context context -> b
    int getCount() -> getCount
    com.anmipo.android.trentobus.db.BusInfo getItem(int) -> a
    long getItemId(int) -> getItemId
    android.view.View getView(int,android.view.View,android.view.ViewGroup) -> getView
    java.lang.Object getItem(int) -> getItem
com.anmipo.android.trentobus.activities.RoutesAdapter -> com.anmipo.android.trentobus.activities.c:
    java.util.ArrayList routes -> a
    android.view.LayoutInflater layoutInflater -> b
    com.anmipo.android.trentobus.db.ScheduleInfo getItem(int) -> a
    long getItemId(int) -> getItemId
    int getCount() -> getCount
    android.view.View getView(int,android.view.View,android.view.ViewGroup) -> getView
    java.lang.Object getItem(int) -> getItem
com.anmipo.android.trentobus.activities.RoutesAdapter$1 -> com.anmipo.android.trentobus.activities.d:
    com.anmipo.android.trentobus.activities.RoutesAdapter this$0 -> a
    int compare(java.lang.Object,java.lang.Object) -> compare
com.anmipo.android.trentobus.activities.RoutesAdapter$ViewHolder -> com.anmipo.android.trentobus.activities.e:
    android.widget.TextView route -> a
    android.widget.TextView type -> b
com.anmipo.android.trentobus.activities.ViewBusInfoActivity -> com.anmipo.android.trentobus.activities.ViewBusInfoActivity:
    com.anmipo.android.trentobus.db.BusInfo busInfo -> a
    android.widget.ListView scheduleList -> b
    void onCreate(android.os.Bundle) -> onCreate
    void show(android.content.Context,java.lang.String) -> a
    void onItemClick(android.widget.AdapterView,android.view.View,int,long) -> onItemClick
...
com.anmipo.android.common.EulaChecker -> com.anmipo.android.a.a:
    com.anmipo.android.common.EulaChecker instance -> a
    android.content.Context context -> b
    com.anmipo.android.common.EulaChecker$EulaListener listener -> c
    android.app.AlertDialog dialog -> d
    void checkEulaAccepted(android.content.Context,com.anmipo.android.common.EulaChecker$EulaListener) -> a
    void dismiss() -> a
    void notifyEulaAccepted(boolean) -> a
    android.content.Context access$0(com.anmipo.android.common.EulaChecker) -> a
com.anmipo.android.common.EulaChecker$1 -> com.anmipo.android.a.b:
    com.anmipo.android.common.EulaChecker this$0 -> a
    void onClick(android.content.DialogInterface,int) -> onClick
com.anmipo.android.common.EulaChecker$2 -> com.anmipo.android.a.c:
    com.anmipo.android.common.EulaChecker this$0 -> a
    void onCancel(android.content.DialogInterface) -> onCancel
com.anmipo.android.common.EulaChecker$EulaListener -> com.anmipo.android.a.d:
    void onEulaAccepted(boolean) -> a